[debug] [2025-06-22T19:29:32.848Z] ----------------------------------------------------------------------
[debug] [2025-06-22T19:29:32.850Z] Command:       /usr/bin/node-22 /usr/local/bin/firebase init
[debug] [2025-06-22T19:29:32.850Z] CLI Version:   14.8.0
[debug] [2025-06-22T19:29:32.850Z] Platform:      linux
[debug] [2025-06-22T19:29:32.850Z] Node Version:  v22.16.0
[debug] [2025-06-22T19:29:32.850Z] Time:          Mon Jun 23 2025 00:59:32 GMT+0530 (India Standard Time)
[debug] [2025-06-22T19:29:32.850Z] ----------------------------------------------------------------------
[debug] 
[debug] [2025-06-22T19:29:32.854Z] > command requires scopes: ["email","openid","https://www.googleapis.com/auth/cloudplatformprojects.readonly","https://www.googleapis.com/auth/firebase","https://www.googleapis.com/auth/cloud-platform"]
[debug] [2025-06-22T19:29:32.854Z] > authorizing via signed-in user (sravanyatk@gmail.com)
[info] 
     ######## #### ########  ######## ########     ###     ######  ########
     ##        ##  ##     ## ##       ##     ##  ##   ##  ##       ##
     ######    ##  ########  ######   ########  #########  ######  ######
     ##        ##  ##    ##  ##       ##     ## ##     ##       ## ##
     ##       #### ##     ## ######## ########  ##     ##  ######  ########

You're about to initialize a Firebase project in this directory:

  /home/sravanya/Desktop/BProductive-app

[debug] [2025-06-22T19:29:57.847Z] ExitPromptError: User force closed the prompt with SIGINT
    at Interface.sigint (/usr/local/lib/node_modules/firebase-tools/node_modules/@inquirer/core/dist/commonjs/lib/create-prompt.js:101:37)
    at Interface.emit (node:events:518:28)
    at Interface.emit (node:domain:489:12)
    at [_ttyWrite] [as _ttyWrite] (node:internal/readline/interface:1128:18)
    at ReadStream.onkeypress (node:internal/readline/interface:267:20)
    at ReadStream.emit (node:events:530:35)
    at ReadStream.emit (node:domain:489:12)
    at emitKeys (node:internal/readline/utils:370:14)
    at emitKeys.next (<anonymous>)
    at ReadStream.onData (node:internal/readline/emitKeypressEvents:64:36)
[error] 
[error] Error: An unexpected error has occurred.
